<?xml version="1.0" encoding="UTF-8"?>
<!-- Generated by org.testng.reporters.JUnitXMLReporter -->
<testsuite hostname="LAPTOP-Q97UB95Q" failures="0" tests="2" name="Test" time="62.005" errors="0" timestamp="11 Apr 2021 03:55:18 GMT">
  <testcase classname="TestScripts.TestCases" name="@BeforeTest setUp" time="0.0">
    <failure type="org.openqa.selenium.WebDriverException" message="unknown error: DevToolsActivePort file doesn&amp;apos;t exist
Build info: version: &amp;apos;3.141.59&amp;apos;, revision: &amp;apos;e82be7d358&amp;apos;, time: &amp;apos;2018-11-14T08:17:03&amp;apos;
System info: host: &amp;apos;LAPTOP-Q97UB95Q&amp;apos;, ip: &amp;apos;192.168.0.22&amp;apos;, os.name: &amp;apos;Windows 10&amp;apos;, os.arch: &amp;apos;amd64&amp;apos;, os.version: &amp;apos;10.0&amp;apos;, java.version: &amp;apos;15.0.1&amp;apos;
Driver info: driver.version: ChromeDriver
remote stacktrace: Backtrace:
	Ordinal0 [0x0099E7D3+124883]
	Ordinal0 [0x0099E7B1+124849]
	GetHandleVerifier [0x00BE8688+193832]
	GetHandleVerifier [0x00C02F1E+302526]
	GetHandleVerifier [0x00C00033+290515]
	GetHandleVerifier [0x00BFE0AC+282444]
	GetHandleVerifier [0x00C24A90+440624]
	GetHandleVerifier [0x00C247FC+439964]
	GetHandleVerifier [0x00C2154B+426987]
	GetHandleVerifier [0x00C04FFD+310941]
	GetHandleVerifier [0x00C05D8E+314414]
	GetHandleVerifier [0x00C05D19+314297]
	GetHandleVerifier [0x00CC31EC+1089676]
	GetHandleVerifier [0x00CC17C9+1082985]
	GetHandleVerifier [0x00CC13A3+1081923]
	GetHandleVerifier [0x00DBD9FD+2115741]
	Ordinal0 [0x00AEB82E+1488942]
	Ordinal0 [0x00A85A7D+1071741]
	Ordinal0 [0x00A8559B+1070491]
	Ordinal0 [0x00A854B1+1070257]
	Ordinal0 [0x00ABFF53+1310547]
	BaseThreadInitThunk [0x7679FA29+25]
	RtlGetAppContainerNamedObjectPath [0x775C7C7E+286]
	RtlGetAppContainerNamedObjectPath [0x775C7C4E+238]
">
      <![CDATA[org.openqa.selenium.WebDriverException: unknown error: DevToolsActivePort file doesn't exist
Build info: version: '3.141.59', revision: 'e82be7d358', time: '2018-11-14T08:17:03'
System info: host: 'LAPTOP-Q97UB95Q', ip: '192.168.0.22', os.name: 'Windows 10', os.arch: 'amd64', os.version: '10.0', java.version: '15.0.1'
Driver info: driver.version: ChromeDriver
remote stacktrace: Backtrace:
	Ordinal0 [0x0099E7D3+124883]
	Ordinal0 [0x0099E7B1+124849]
	GetHandleVerifier [0x00BE8688+193832]
	GetHandleVerifier [0x00C02F1E+302526]
	GetHandleVerifier [0x00C00033+290515]
	GetHandleVerifier [0x00BFE0AC+282444]
	GetHandleVerifier [0x00C24A90+440624]
	GetHandleVerifier [0x00C247FC+439964]
	GetHandleVerifier [0x00C2154B+426987]
	GetHandleVerifier [0x00C04FFD+310941]
	GetHandleVerifier [0x00C05D8E+314414]
	GetHandleVerifier [0x00C05D19+314297]
	GetHandleVerifier [0x00CC31EC+1089676]
	GetHandleVerifier [0x00CC17C9+1082985]
	GetHandleVerifier [0x00CC13A3+1081923]
	GetHandleVerifier [0x00DBD9FD+2115741]
	Ordinal0 [0x00AEB82E+1488942]
	Ordinal0 [0x00A85A7D+1071741]
	Ordinal0 [0x00A8559B+1070491]
	Ordinal0 [0x00A854B1+1070257]
	Ordinal0 [0x00ABFF53+1310547]
	BaseThreadInitThunk [0x7679FA29+25]
	RtlGetAppContainerNamedObjectPath [0x775C7C7E+286]
	RtlGetAppContainerNamedObjectPath [0x775C7C4E+238]

	at org.openqa.selenium.remote.W3CHandshakeResponse.lambda$errorHandler$0(W3CHandshakeResponse.java:62)
	at org.openqa.selenium.remote.HandshakeResponse.lambda$getResponseFunction$0(HandshakeResponse.java:30)
	at org.openqa.selenium.remote.ProtocolHandshake.lambda$createSession$0(ProtocolHandshake.java:126)
	at java.base/java.util.stream.ReferencePipeline$3$1.accept(ReferencePipeline.java:195)
	at java.base/java.util.Spliterators$ArraySpliterator.tryAdvance(Spliterators.java:958)
	at java.base/java.util.stream.ReferencePipeline.forEachWithCancel(ReferencePipeline.java:127)
	at java.base/java.util.stream.AbstractPipeline.copyIntoWithCancel(AbstractPipeline.java:502)
	at java.base/java.util.stream.AbstractPipeline.copyInto(AbstractPipeline.java:488)
	at java.base/java.util.stream.AbstractPipeline.wrapAndCopyInto(AbstractPipeline.java:474)
	at java.base/java.util.stream.FindOps$FindOp.evaluateSequential(FindOps.java:150)
	at java.base/java.util.stream.AbstractPipeline.evaluate(AbstractPipeline.java:234)
	at java.base/java.util.stream.ReferencePipeline.findFirst(ReferencePipeline.java:543)
	at org.openqa.selenium.remote.ProtocolHandshake.createSession(ProtocolHandshake.java:128)
	at org.openqa.selenium.remote.ProtocolHandshake.createSession(ProtocolHandshake.java:74)
	at org.openqa.selenium.remote.HttpCommandExecutor.execute(HttpCommandExecutor.java:136)
	at org.openqa.selenium.remote.service.DriverCommandExecutor.execute(DriverCommandExecutor.java:83)
	at org.openqa.selenium.remote.RemoteWebDriver.execute(RemoteWebDriver.java:552)
	at org.openqa.selenium.remote.RemoteWebDriver.startSession(RemoteWebDriver.java:213)
	at org.openqa.selenium.remote.RemoteWebDriver.<init>(RemoteWebDriver.java:131)
	at org.openqa.selenium.chrome.ChromeDriver.<init>(ChromeDriver.java:181)
	at org.openqa.selenium.chrome.ChromeDriver.<init>(ChromeDriver.java:168)
	at org.openqa.selenium.chrome.ChromeDriver.<init>(ChromeDriver.java:123)
	at TestScripts.TestCases.setUp(TestCases.java:23)
... Removed 27 stack frames]]>
    </failure>
  </testcase> <!-- @BeforeTest setUp -->
  <testcase classname="TestScripts.TestCases" name="testHomePage" time="0.178">
    <skipped/>
  </testcase> <!-- testHomePage -->
  <testcase classname="TestScripts.TestCases" name="testMainPage" time="0.006">
    <skipped/>
  </testcase> <!-- testMainPage -->
</testsuite> <!-- Test -->
